  [1m[35m (0.1ms)[0m  [1m[34mSELECT sqlite_version(*)[0m
  ↳ /Users/renish/.rvm/rubies/ruby-2.6.3/lib/ruby/gems/2.6.0/gems/rake-12.3.2/lib/rake/task.rb:273
  [1m[35m (1.0ms)[0m  [1m[35mCREATE TABLE "schema_migrations" ("version" varchar NOT NULL PRIMARY KEY)[0m
  ↳ /Users/renish/.rvm/rubies/ruby-2.6.3/lib/ruby/gems/2.6.0/gems/rake-12.3.2/lib/rake/task.rb:273
  [1m[35m (1.1ms)[0m  [1m[35mCREATE TABLE "ar_internal_metadata" ("key" varchar NOT NULL PRIMARY KEY, "value" varchar, "created_at" datetime NOT NULL, "updated_at" datetime NOT NULL)[0m
  ↳ /Users/renish/.rvm/rubies/ruby-2.6.3/lib/ruby/gems/2.6.0/gems/rake-12.3.2/lib/rake/task.rb:273
  [1m[35m (0.2ms)[0m  [1m[34mSELECT "schema_migrations"."version" FROM "schema_migrations" ORDER BY "schema_migrations"."version" ASC[0m
  ↳ /Users/renish/.rvm/rubies/ruby-2.6.3/lib/ruby/gems/2.6.0/gems/rake-12.3.2/lib/rake/task.rb:273
Migrating to CreateNews (20190709141121)
  [1m[35m (0.1ms)[0m  [1m[36mbegin transaction[0m
  ↳ /Users/renish/.rvm/rubies/ruby-2.6.3/lib/ruby/gems/2.6.0/gems/rake-12.3.2/lib/rake/task.rb:273
  [1m[35m (0.3ms)[0m  [1m[35mCREATE TABLE "news" ("id" integer PRIMARY KEY AUTOINCREMENT NOT NULL, "author" varchar, "title" varchar, "description" varchar, "url" varchar, "urlToImage" varchar, "publishedAt" varchar, "string" varchar, "content" varchar, "created_at" datetime NOT NULL, "updated_at" datetime NOT NULL)[0m
  ↳ db/migrate/20190709141121_create_news.rb:3
  [1m[36mActiveRecord::SchemaMigration Create (0.1ms)[0m  [1m[32mINSERT INTO "schema_migrations" ("version") VALUES (?)[0m  [["version", "20190709141121"]]
  ↳ /Users/renish/.rvm/rubies/ruby-2.6.3/lib/ruby/gems/2.6.0/gems/rake-12.3.2/lib/rake/task.rb:273
  [1m[35m (0.7ms)[0m  [1m[36mcommit transaction[0m
  ↳ /Users/renish/.rvm/rubies/ruby-2.6.3/lib/ruby/gems/2.6.0/gems/rake-12.3.2/lib/rake/task.rb:273
  [1m[36mActiveRecord::InternalMetadata Load (0.1ms)[0m  [1m[34mSELECT  "ar_internal_metadata".* FROM "ar_internal_metadata" WHERE "ar_internal_metadata"."key" = ? LIMIT ?[0m  [["key", "environment"], ["LIMIT", 1]]
  ↳ /Users/renish/.rvm/rubies/ruby-2.6.3/lib/ruby/gems/2.6.0/gems/rake-12.3.2/lib/rake/task.rb:273
  [1m[35m (0.0ms)[0m  [1m[36mbegin transaction[0m
  ↳ /Users/renish/.rvm/rubies/ruby-2.6.3/lib/ruby/gems/2.6.0/gems/rake-12.3.2/lib/rake/task.rb:273
  [1m[36mActiveRecord::InternalMetadata Create (0.3ms)[0m  [1m[32mINSERT INTO "ar_internal_metadata" ("key", "value", "created_at", "updated_at") VALUES (?, ?, ?, ?)[0m  [["key", "environment"], ["value", "development"], ["created_at", "2019-07-09 14:14:21.012469"], ["updated_at", "2019-07-09 14:14:21.012469"]]
  ↳ /Users/renish/.rvm/rubies/ruby-2.6.3/lib/ruby/gems/2.6.0/gems/rake-12.3.2/lib/rake/task.rb:273
  [1m[35m (0.6ms)[0m  [1m[36mcommit transaction[0m
  ↳ /Users/renish/.rvm/rubies/ruby-2.6.3/lib/ruby/gems/2.6.0/gems/rake-12.3.2/lib/rake/task.rb:273
  [1m[35m (0.1ms)[0m  [1m[34mSELECT "schema_migrations"."version" FROM "schema_migrations" ORDER BY "schema_migrations"."version" ASC[0m
  ↳ /Users/renish/.rvm/rubies/ruby-2.6.3/lib/ruby/gems/2.6.0/gems/rake-12.3.2/lib/rake/task.rb:273
  [1m[35m (0.1ms)[0m  [1m[34mSELECT "schema_migrations"."version" FROM "schema_migrations" ORDER BY "schema_migrations"."version" ASC[0m
  ↳ /Users/renish/.rvm/rubies/ruby-2.6.3/lib/ruby/gems/2.6.0/gems/rake-12.3.2/lib/rake/task.rb:273
  [1m[35m (0.1ms)[0m  [1m[36mbegin transaction[0m
  ↳ db/seeds.rb:9
  [1m[36mNews Create (0.3ms)[0m  [1m[32mINSERT INTO "news" ("author", "title", "description", "url", "urlToImage", "publishedAt", "content", "created_at", "updated_at") VALUES (?, ?, ?, ?, ?, ?, ?, ?, ?)[0m  [["author", "Jim Iuorio"], ["title", "Tracing Bitcoin’s Potential As A Store of Wealth"], ["description", "At its high, bitcoin had rallied close to 280 percent in the first six months of 2019 with much of... The post Tracing Bitcoin’s Potential As A Store of Wealth appeared first on OpenMarkets."], ["url", "http://openmarkets.cmegroup.com/15274/tracing-bitcoins-potential-as-a-store-of-wealth"], ["urlToImage", "http://openmarkets.cmegroup.com/wp-content/uploads/Bitcoin-1-1.jpg"], ["publishedAt", "2019-07-09T05:05:05Z"], ["content", "At a Glance"], ["created_at", "2019-07-09 14:14:27.159744"], ["updated_at", "2019-07-09 14:14:27.159744"]]
  ↳ db/seeds.rb:9
  [1m[35m (0.7ms)[0m  [1m[36mcommit transaction[0m
  ↳ db/seeds.rb:9
Started GET "/api/v1/news" for ::1 at 2019-07-09 18:14:38 +0400
  [1m[35m (0.1ms)[0m  [1m[34mSELECT "schema_migrations"."version" FROM "schema_migrations" ORDER BY "schema_migrations"."version" ASC[0m
  ↳ /Users/renish/.rvm/gems/ruby-2.6.3/gems/activerecord-5.2.3/lib/active_record/log_subscriber.rb:98
Processing by Api::V1::NewsController#index as HTML
  [1m[36mNews Load (0.1ms)[0m  [1m[34mSELECT "news".* FROM "news"[0m
  ↳ app/controllers/api/v1/news_controller.rb:6
Completed 200 OK in 29ms (Views: 19.8ms | ActiveRecord: 1.2ms)


Started GET "/api/v1/news" for ::1 at 2019-07-09 18:14:40 +0400
Processing by Api::V1::NewsController#index as HTML
  [1m[36mNews Load (1.0ms)[0m  [1m[34mSELECT "news".* FROM "news"[0m
  ↳ app/controllers/api/v1/news_controller.rb:6
Completed 200 OK in 2ms (Views: 0.9ms | ActiveRecord: 1.0ms)


